"../../../Engine/Content/Functions/Engine_MaterialFunctions02/Utility/BlendAngleCorrectedNormals.uasset" 0
"../../../Engine/Content/Functions/MaterialLayerFunctions/MatLayerBlend_AO.uasset" 1
"../../../Engine/Content/Functions/MaterialLayerFunctions/MatLayerBlend_NormalBlend.uasset" 2
"../../../Engine/Content/Functions/MaterialLayerFunctions/MatLayerBlend_Simple.uasset" 3
"../../../BlueprintScripting/Content/AnimStarterPack/UE4_Mannequin/Materials/MaterialLayers/T_ML_Rubber_Blue_01_D.uasset" 4
"../../../BlueprintScripting/Content/AnimStarterPack/UE4_Mannequin/Materials/MaterialLayers/T_ML_Rubber_Blue_01_N.uasset" 5
"../../../BlueprintScripting/Content/AnimStarterPack/UE4_Mannequin/Materials/MaterialLayers/ML_GlossyBlack_Latex_UE4.uasset" 6
"../../../BlueprintScripting/Content/AnimStarterPack/UE4_Mannequin/Materials/MaterialLayers/ML_Plastic_Shiny_Beige.uasset" 7
"../../../BlueprintScripting/Content/AnimStarterPack/UE4_Mannequin/Textures/UE4_LOGO_CARD.uasset" 8
"../../../BlueprintScripting/Content/AnimStarterPack/UE4_Mannequin/Materials/MaterialLayers/ML_Plastic_Shiny_Beige_LOGO.uasset" 9
"../../../BlueprintScripting/Content/AnimStarterPack/UE4_Mannequin/Materials/MaterialLayers/T_ML_Aluminum01.uasset" 10
"../../../BlueprintScripting/Content/AnimStarterPack/UE4_Mannequin/Materials/MaterialLayers/T_ML_Aluminum01_N.uasset" 11
"../../../BlueprintScripting/Content/AnimStarterPack/UE4_Mannequin/Materials/MaterialLayers/ML_SoftMetal_UE4.uasset" 12
"../../../BlueprintScripting/Content/AnimStarterPack/UE4_Mannequin/Textures/UE4_Mannequin__normals.uasset" 13
"../../../BlueprintScripting/Content/AnimStarterPack/UE4_Mannequin/Textures/UE4_Mannequin_MAT_MASKA.uasset" 14
"../../../BlueprintScripting/Content/AnimStarterPack/UE4_Mannequin/Textures/UE4_Mannequin_occlusion_Mobile.uasset" 15
"../../../BlueprintScripting/Content/AnimStarterPack/UE4_Mannequin/Materials/M_UE4Man_Body.uasset" 16
"../../../BlueprintScripting/Content/AnimStarterPack/UE4_Mannequin/Textures/UE4Man_Logo_N.uasset" 17
"../../../BlueprintScripting/Content/AnimStarterPack/UE4_Mannequin/Materials/M_UE4Man_ChestLogo.uasset" 18
"../../../BlueprintScripting/Content/AnimStarterPack/UE4_Mannequin/Mesh/SK_Mannequin_PhysicsAsset.uasset" 19
"../../../BlueprintScripting/Content/AnimStarterPack/UE4_Mannequin/Mesh/SK_Mannequin.uasset" 20
"../../../BlueprintScripting/Content/AnimStarterPack/UE4_Mannequin/Mesh/UE4_Mannequin_Skeleton.uasset" 21
"../../../BlueprintScripting/Content/AnimStarterPack/Crouch_Idle_Rifle_Hip.uasset" 22
"../../../BlueprintScripting/Content/AnimStarterPack/Crouch_Idle_Rifle_Ironsights.uasset" 23
"../../../BlueprintScripting/Content/AnimStarterPack/Crouch_Walk_Fwd_Rifle_Ironsights.uasset" 24
"../../../BlueprintScripting/Content/AnimStarterPack/Equip_Pistol_Standing.uasset" 25
"../../../BlueprintScripting/Content/AnimStarterPack/Fire_Rifle_Ironsights.uasset" 26
"../../../BlueprintScripting/Content/AnimStarterPack/Hit_React_1.uasset" 27
"../../../BlueprintScripting/Content/AnimStarterPack/Hit_React_2.uasset" 28
"../../../BlueprintScripting/Content/AnimStarterPack/Hit_React_3.uasset" 29
"../../../BlueprintScripting/Content/AnimStarterPack/Idle_Rifle_Hip_Break1.uasset" 30
"../../../BlueprintScripting/Content/AnimStarterPack/Idle_Rifle_Hip_Break2.uasset" 31
"../../../BlueprintScripting/Content/AnimStarterPack/Reload_Rifle_Hip.uasset" 32
"../../../BlueprintScripting/Content/AnimStarterPack/Walk_Fwd_Rifle_Ironsights.uasset" 33
"../../../Engine/Content/EditorBlueprintResources/StandardMacros.uasset" 34
"../../../Engine/Content/EngineSky/C_Sky_Cloud_Color.uasset" 35
"../../../Engine/Content/EngineSky/C_Sky_Horizon_Color.uasset" 36
"../../../Engine/Content/EngineSky/C_Sky_Zenith_Color.uasset" 37
"../../../Engine/Content/EngineSky/T_Sky_Blue.uasset" 38
"../../../Engine/Content/EngineSky/T_Sky_Clouds_M.uasset" 39
"../../../Engine/Content/EngineSky/T_Sky_Stars.uasset" 40
"../../../Engine/Content/EngineSky/SM_SkySphere.uasset" 41
"../../../Engine/Content/EngineSky/M_Sky_Panning_Clouds2.uasset" 42
"../../../Engine/Content/EngineSky/BP_Sky_Sphere.uasset" 43
"../../../Engine/Content/Functions/Engine_MaterialFunctions01/Opacity/CameraDepthFade.uasset" 44
"../../../Engine/Content/EngineMaterials/T_Default_Material_Grid_M.uasset" 45
"../../../Engine/Content/EngineMaterials/T_Default_Material_Grid_N.uasset" 46
"../../../Engine/Content/EngineMaterials/WorldGridMaterial.uasset" 47
"../../../Engine/Content/TemplateResources/M_Template_Master.uasset" 48
"../../../Engine/Content/TemplateResources/MI_Template_BaseGray_03_Metal.uasset" 49
"../../../BlueprintScripting/Content/AnimStarterPack/Showcase.umap" 50
"../../../BlueprintScripting/Content/Enemy/EnemyBlackboard.uasset" 51
"../../../BlueprintScripting/Content/Enemy/DoAttackTask.uasset" 52
"../../../BlueprintScripting/Content/Enemy/FindWanderPointTask.uasset" 53
"../../../BlueprintScripting/Content/Enemy/ResetBoolTask.uasset" 54
"../../../BlueprintScripting/Content/Enemy/ResetValueTask.uasset" 55
"../../../BlueprintScripting/Content/Enemy/EnemyBehavior.uasset" 56
"../../../BlueprintScripting/Content/AnimStarterPack/Idle_Rifle_Hip.uasset" 57
"../../../BlueprintScripting/Content/AnimStarterPack/Jump_From_Jog.uasset" 58
"../../../BlueprintScripting/Content/AnimStarterPack/Jump_From_Stand.uasset" 59
"../../../BlueprintScripting/Content/AnimStarterPack/Crouch_Walk_Bwd_Rifle_Hip.uasset" 60
"../../../BlueprintScripting/Content/AnimStarterPack/Crouch_Walk_Fwd_Rifle_Hip.uasset" 61
"../../../BlueprintScripting/Content/AnimStarterPack/Crouch_Walk_Lt_Rifle_Hip.uasset" 62
"../../../BlueprintScripting/Content/AnimStarterPack/Crouch_Walk_Rt_Rifle_Hip.uasset" 63
"../../../BlueprintScripting/Content/AnimStarterPack/BS_CrouchWalk.uasset" 64
"../../../BlueprintScripting/Content/AnimStarterPack/Jog_Bwd_Rifle.uasset" 65
"../../../BlueprintScripting/Content/AnimStarterPack/Jog_Fwd_Rifle.uasset" 66
"../../../BlueprintScripting/Content/AnimStarterPack/Jog_Lt_Rifle.uasset" 67
"../../../BlueprintScripting/Content/AnimStarterPack/Jog_Rt_Rifle.uasset" 68
"../../../BlueprintScripting/Content/AnimStarterPack/BS_Jog.uasset" 69
"../../../BlueprintScripting/Content/AnimStarterPack/UE4ASP_HeroTPP_AnimBlueprint.uasset" 70
"../../../BlueprintScripting/Content/AnimStarterPack/Ue4ASP_Character.uasset" 71
"../../../BlueprintScripting/Content/FirstPerson/Character/Materials/MaterialLayers/T_ML_Rubber_Blue_01_D.uasset" 72
"../../../BlueprintScripting/Content/FirstPerson/Character/Materials/MaterialLayers/T_ML_Rubber_Blue_01_N.uasset" 73
"../../../BlueprintScripting/Content/FirstPerson/Character/Materials/MaterialLayers/ML_GlossyBlack_Latex_UE4.uasset" 74
"../../../BlueprintScripting/Content/FirstPerson/Character/Materials/MaterialLayers/ML_Plastic_Shiny_Beige.uasset" 75
"../../../BlueprintScripting/Content/FirstPerson/Character/Textures/UE4_LOGO_CARD.uasset" 76
"../../../BlueprintScripting/Content/FirstPerson/Character/Materials/MaterialLayers/ML_Plastic_Shiny_Beige_LOGO.uasset" 77
"../../../BlueprintScripting/Content/FirstPerson/Character/Materials/MaterialLayers/T_ML_Aluminum01.uasset" 78
"../../../BlueprintScripting/Content/FirstPerson/Character/Materials/MaterialLayers/T_ML_Aluminum01_N.uasset" 79
"../../../BlueprintScripting/Content/FirstPerson/Character/Materials/MaterialLayers/ML_SoftMetal_UE4.uasset" 80
"../../../BlueprintScripting/Content/FirstPerson/Character/Textures/UE4_Mannequin__normals.uasset" 81
"../../../BlueprintScripting/Content/FirstPerson/Character/Textures/UE4_Mannequin_MAT_MASKA.uasset" 82
"../../../BlueprintScripting/Content/FirstPerson/Character/Materials/M_UE4Man_Body.uasset" 83
"../../../BlueprintScripting/Content/FirstPerson/Character/Mesh/SK_Mannequin_Arms_PhysicsAsset.uasset" 84
"../../../BlueprintScripting/Content/FirstPerson/Character/Mesh/SK_Mannequin_Arms.uasset" 85
"../../../BlueprintScripting/Content/FirstPerson/Character/Mesh/SK_Mannequin_Arms_Skeleton.uasset" 86
"../../../BlueprintScripting/Content/FirstPerson/Animations/FirstPerson_Idle.uasset" 87
"../../../BlueprintScripting/Content/FirstPerson/Animations/FirstPerson_JumpEnd.uasset" 88
"../../../BlueprintScripting/Content/FirstPerson/Animations/FirstPerson_JumpLoop.uasset" 89
"../../../BlueprintScripting/Content/FirstPerson/Animations/FirstPerson_JumpStart.uasset" 90
"../../../BlueprintScripting/Content/FirstPerson/Animations/FirstPerson_Run.uasset" 91
"../../../BlueprintScripting/Content/FirstPerson/Animations/FirstPerson_AnimBP.uasset" 92
"../../../BlueprintScripting/Content/FirstPerson/Animations/FirstPerson_Fire.uasset" 93
"../../../BlueprintScripting/Content/FirstPerson/Animations/FirstPersonFire_Montage.uasset" 94
"../../../BlueprintScripting/Content/FirstPerson/Meshes/BaseMaterial.uasset" 95
"../../../BlueprintScripting/Content/FirstPerson/Meshes/FirstPersonProjectileMaterial.uasset" 96
"../../../BlueprintScripting/Content/FirstPerson/Meshes/FirstPersonProjectileMesh.uasset" 97
"../../../BlueprintScripting/Content/FirstPersonBP/Blueprints/FirstPersonProjectile.uasset" 98
"../../../BlueprintScripting/Content/FirstPersonBP/Blueprints/SaveSystem.uasset" 99
"../../../BlueprintScripting/Content/FirstPerson/Audio/FirstPersonTemplateWeaponFire02.uasset" 100
"../../../BlueprintScripting/Content/FirstPerson/FPWeapon/Materials/MaterialLayers/T_ML_Rubber_Blue_01_D.uasset" 101
"../../../BlueprintScripting/Content/FirstPerson/FPWeapon/Materials/MaterialLayers/T_ML_Rubber_Blue_01_N.uasset" 102
"../../../BlueprintScripting/Content/FirstPerson/FPWeapon/Materials/MaterialLayers/ML_GlossyBlack_Latex_UE4.uasset" 103
"../../../BlueprintScripting/Content/FirstPerson/FPWeapon/Materials/MaterialLayers/ML_Plastic_Shiny_Beige.uasset" 104
"../../../BlueprintScripting/Content/FirstPerson/FPWeapon/Materials/MaterialLayers/ML_Screen.uasset" 105
"../../../BlueprintScripting/Content/FirstPerson/FPWeapon/Materials/MaterialLayers/T_ML_Aluminum01.uasset" 106
"../../../BlueprintScripting/Content/FirstPerson/FPWeapon/Materials/MaterialLayers/T_ML_Aluminum01_N.uasset" 107
"../../../BlueprintScripting/Content/FirstPerson/FPWeapon/Materials/MaterialLayers/ML_SoftMetal_UE4.uasset" 108
"../../../BlueprintScripting/Content/FirstPerson/FPWeapon/Textures/T_FPGun_M.uasset" 109
"../../../BlueprintScripting/Content/FirstPerson/FPWeapon/Textures/T_FPGun_N.uasset" 110
"../../../BlueprintScripting/Content/FirstPerson/FPWeapon/Materials/M_FPGun.uasset" 111
"../../../BlueprintScripting/Content/FirstPerson/FPWeapon/Mesh/SK_FPGun_Skeleton.uasset" 112
"../../../BlueprintScripting/Content/FirstPerson/FPWeapon/Mesh/SK_FPGun.uasset" 113
"../../../BlueprintScripting/Content/FirstPersonBP/UI/HUD.uasset" 114
"../../../BlueprintScripting/Content/FirstPersonBP/UI/LoseMenu.uasset" 115
"../../../BlueprintScripting/Content/FirstPersonBP/UI/PauseMenu.uasset" 116
"../../../BlueprintScripting/Content/FirstPersonBP/UI/RoundTransition.uasset" 117
"../../../BlueprintScripting/Content/FirstPersonBP/Blueprints/FirstPersonCharacter.uasset" 118
"../../../BlueprintScripting/Content/Enemy/EnemyController.uasset" 119
"../../../BlueprintScripting/Content/FirstPersonBP/Materials/TargetRed.uasset" 120
"../../../BlueprintScripting/Content/StarterContent/Audio/Explosion01.uasset" 121
"../../../BlueprintScripting/Content/StarterContent/Textures/T_Burst_M.uasset" 122
"../../../BlueprintScripting/Content/StarterContent/Particles/Materials/M_Burst.uasset" 123
"../../../BlueprintScripting/Content/StarterContent/Textures/T_Explosion_SubUV.uasset" 124
"../../../BlueprintScripting/Content/StarterContent/Particles/Materials/M_explosion_subUV.uasset" 125
"../../../BlueprintScripting/Content/StarterContent/Particles/Materials/m_flare_01.uasset" 126
"../../../Engine/Content/Functions/Engine_MaterialFunctions01/Gradient/RadialGradient.uasset" 127
"../../../BlueprintScripting/Content/StarterContent/Particles/Materials/M_radial_ramp.uasset" 128
"../../../BlueprintScripting/Content/StarterContent/Textures/T_Smoke_SubUV.uasset" 129
"../../../BlueprintScripting/Content/StarterContent/Textures/T_Smoke_Tiled_D.uasset" 130
"../../../BlueprintScripting/Content/StarterContent/Particles/Materials/M_smoke_subUV.uasset" 131
"../../../BlueprintScripting/Content/StarterContent/Particles/P_Explosion.uasset" 132
"../../../BlueprintScripting/Content/Enemy/EnemyCharacter.uasset" 133
"../../../BlueprintScripting/Content/Enemy/EnemySpawner.uasset" 134
"../../../BlueprintScripting/Content/StarterContent/Textures/T_Door_M.uasset" 135
"../../../BlueprintScripting/Content/StarterContent/Textures/T_Door_N.uasset" 136
"../../../BlueprintScripting/Content/StarterContent/Props/Materials/M_Door.uasset" 137
"../../../Engine/Content/EditorSounds/GamePreview/PossessPlayer.uasset" 138
"../../../BlueprintScripting/Content/StarterContent/Materials/M_Basic_Wall.uasset" 139
"../../../BlueprintScripting/Content/StarterContent/Shapes/Shape_Pipe.uasset" 140
"../../../BlueprintScripting/Content/FirstPersonBP/Blueprints/AmmoPickup.uasset" 141
"../../../Engine/Content/EngineFonts/RobotoDistanceField.uasset" 142
"../../../Engine/Content/Functions/Engine_MaterialFunctions03/Procedurals/ComputeFilterWidth.uasset" 143
"../../../Engine/Content/EngineMaterials/AntiAliasedTextMaterialTranslucent.uasset" 144
"../../../BlueprintScripting/Content/Geometry/Meshes/CubeMaterial.uasset" 145
"../../../BlueprintScripting/Content/FirstPerson/Meshes/CubeMaterialOverride.uasset" 146
"../../../BlueprintScripting/Content/Geometry/Meshes/1M_Cube.uasset" 147
"../../../BlueprintScripting/Content/FirstPersonBP/Maps/FirstPersonExampleMap.umap" 148
"../../../Engine/Content/EngineFonts/Roboto.uasset" 149
"../../../Engine/Content/Functions/Engine_MaterialFunctions01/Shading/PowerToRoughness.uasset" 150
"../../../Engine/Content/EngineMaterials/DefaultDiffuse.uasset" 151
"../../../Engine/Content/EngineMaterials/DefaultDeferredDecalMaterial.uasset" 152
"../../../Engine/Content/EngineMaterials/DefaultLightFunctionMaterial.uasset" 153
"../../../Engine/Content/Functions/Engine_MaterialFunctions02/Utility/BreakOutFloat2Components.uasset" 154
"../../../Engine/Content/EngineMaterials/DefaultPostProcessMaterial.uasset" 155
"../../../Engine/Content/EngineResources/DefaultTexture.uasset" 156
"../../../Engine/Content/Functions/Engine_MaterialFunctions02/Texturing/ScreenAlignedUVs.uasset" 157
"../../../Engine/Content/EngineResources/WhiteSquareTexture.uasset" 158
"../../../Engine/Content/EngineMaterials/Widget3DPassThrough.uasset" 159
"../../../Engine/Content/EngineMaterials/Widget3DPassThrough_Translucent.uasset" 160
"../../../Engine/Content/EngineMaterials/Widget3DPassThrough_Translucent_OneSided.uasset" 161
"../../../Engine/Content/EngineMaterials/Widget3DPassThrough_Opaque.uasset" 162
"../../../Engine/Content/EngineMaterials/Widget3DPassThrough_Opaque_OneSided.uasset" 163
"../../../Engine/Content/EngineMaterials/Widget3DPassThrough_Masked.uasset" 164
"../../../Engine/Content/EngineMaterials/Widget3DPassThrough_Masked_OneSided.uasset" 165
"../../../Engine/Content/EditorResources/S_Actor.uasset" 166
"../../../Engine/Content/Maps/Templates/Thumbnails/Default.uasset" 167
"../../../Engine/Content/EditorMaterials/ParticleSystems/PSysThumbnail_NoImage.uasset" 168
"../../../Engine/Content/EditorMaterials/ParticleSystems/PSysThumbnail_OOD.uasset" 169
"../../../Engine/Content/EditorLandscapeResources/DataLayer.uasset" 170
"../../../Engine/Content/EngineDamageTypes/DmgTypeBP_Environmental.uasset" 171
"../../../Engine/Content/EngineMeshes/Sphere.uasset" 172
"../../../Engine/Content/EngineMaterials/DefaultTextMaterialOpaque.uasset" 173
"../../../Engine/Content/EditorResources/S_Trigger.uasset" 174
"../../../Engine/Content/EngineResources/GradientTexture0.uasset" 175
"../../../Engine/Content/EngineResources/Black.uasset" 176
"../../../Engine/Content/EditorMaterials/MatineeGroups/MAT_Groups_Float.uasset" 177
"../../../Engine/Content/EditorMaterials/MatineeGroups/MAT_Groups_Director.uasset" 178
"../../../Engine/Content/EditorMaterials/MatineeGroups/MAT_Groups_Event.uasset" 179
"../../../Engine/Content/EditorMaterials/MatineeGroups/MAT_Groups_Anim.uasset" 180
"../../../Engine/Content/EditorMaterials/MatineeGroups/MAT_Groups_Fade.uasset" 181
"../../../Engine/Content/EditorMaterials/MatineeGroups/MAT_Groups_Move.uasset" 182
"../../../Engine/Content/EditorMaterials/MatineeGroups/MAT_Groups_Slomo.uasset" 183
"../../../Engine/Content/EditorMaterials/MatineeGroups/MAT_ColorTrack.uasset" 184
"../../../Engine/Content/EditorMaterials/MAT_Groups_Toggle.uasset" 185
"../../../Engine/Content/EditorMaterials/MatineeGroups/MAT_Groups_AudioMaster.uasset" 186
"../../../Engine/Content/EditorMaterials/MatineeGroups/MAT_Groups_Sound.uasset" 187
"../../../Engine/Content/EditorMaterials/MatineeGroups/MAT_Groups_Vector.uasset" 188
"../../../Engine/Content/EditorMaterials/MAT_Groups_Visibility.uasset" 189
"../../../Engine/Content/EngineResources/DefaultTextureCube.uasset" 190
"../../../Engine/Content/EngineMaterials/DefaultMaterial.uasset" 191
"../../../Engine/Content/EngineMeshes/Cylinder.uasset" 192
"../../../Engine/Content/EngineTireTypes/DefaultTireType.uasset" 193
"../../../Engine/Content/EngineResources/AICON-Red.uasset" 194
"../../../Engine/Content/EngineResources/AICON-Green.uasset" 195
"../../../Engine/Content/Tutorial/Basics/LevelEditorAttract.uasset" 196
"../../../Engine/Content/Tutorial/Basics/TutorialAssets/icon_tab_Levels_40x.uasset" 197
"../../../Engine/Content/Tutorial/Basics/LevelEditorOverview.uasset" 198
"../../../Engine/Content/Tutorial/BlueprintTutorials/TutorialAssets/Blueprint_64x.uasset" 199
"../../../Engine/Content/Tutorial/BlueprintTutorials/BlueprintEditorTutorial.uasset" 200
"../../../Engine/Content/Tutorial/ContentIntroCurve.uasset" 201
"../../../Engine/Plugins/2D/Paper2D/Content/PlaceholderTextures/DummySpriteTexture.uasset" 202
"../../../Engine/Plugins/2D/Paper2D/Content/DummySpriteTexture.uasset" 203
"../../../Engine/Plugins/2D/Paper2D/Content/DefaultSpriteMaterial.uasset" 204
"../../../Engine/Plugins/2D/Paper2D/Content/MaskedUnlitSpriteMaterial.uasset" 205
"../../../Engine/Plugins/2D/Paper2D/Content/OpaqueUnlitSpriteMaterial.uasset" 206
"../../../Engine/Plugins/2D/Paper2D/Content/DummySprite.uasset" 207
"../../../Engine/Plugins/2D/Paper2D/Content/DefaultPaperTerrainMaterial.uasset" 208
"../../../Engine/Plugins/Runtime/LeapMotionController/Content/LM_CapsuleMesh.uasset" 209
"../../../Engine/Plugins/Runtime/LeapMotionController/Content/LM_TorusMesh.uasset" 210
"../../../Engine/Plugins/Runtime/LeapMotionController/Content/LM_HandColor.uasset" 211
"../../../Engine/Plugins/Runtime/LeapMotionController/Content/LM_SampleDistortion.uasset" 212
"../../../Engine/Plugins/Runtime/LeapMotionController/Content/LM_TestTexture.uasset" 213
"../../../Engine/Plugins/Runtime/LeapMotionController/Content/LM_PassthroughMaterial.uasset" 214
"../../../Engine/Content/BasicShapes/Cube.uasset" 215
"../../../Engine/Content/EngineMaterials/RemoveSurfaceMaterial.uasset" 216
"../../../Engine/Content/EngineDebugMaterials/DebugMeshMaterial.uasset" 217
"../../../Engine/Content/EngineMaterials/InvalidLightmapSettings.uasset" 218
"../../../Engine/Content/EngineMaterials/M_InvalidLightmapSettings.uasset" 219
"../../../Engine/Content/EditorMaterials/GizmoMaterial.uasset" 220
"../../../Engine/Content/EngineMaterials/Good64x64TilingNoiseHighFreq.uasset" 221
"../../../Engine/Content/EngineMaterials/DefaultBokeh.uasset" 222
"../../../Engine/Content/EngineMaterials/PreintegratedSkinBRDF.uasset" 223
"../../../Engine/Content/EngineMaterials/MiniFont.uasset" 224
"../../../Engine/Content/EngineMaterials/WeightMapPlaceholderTexture.uasset" 225
"../../../Engine/Content/EngineMaterials/DefaultPhysicalMaterial.uasset" 226
"../../../Engine/Content/EngineFonts/RobotoTiny.uasset" 227
"../../../Engine/Content/MobileResources/HUD/MobileHUDButton3.uasset" 228
"../../../BlueprintScripting/Content/AnimStarterPack/Walk_Lt_Rifle_Ironsights.uasset" 229
"../../../BlueprintScripting/Content/AnimStarterPack/Walk_Rt_Rifle_Ironsights.uasset" 230
"../../../BlueprintScripting/Content/FirstPerson/Animations/FirstPerson_LoopJump.uasset" 231
"../../../BlueprintScripting/Content/FirstPerson/Animations/FirstPerson_StartJump.uasset" 232
"../../../Engine/Content/MobileResources/T_MobileMenu2.uasset" 233
"../../../Engine/Content/MobileResources/HUD/VirtualJoystick_Background.uasset" 234
"../../../Engine/Content/MobileResources/HUD/VirtualJoystick_Thumb.uasset" 235
"../../../Engine/Content/MobileResources/HUD/LeftVirtualJoystickOnly.uasset" 236
"../../../Engine/Content/MobileResources/HUD/MobileHUDDirectionPad3.uasset" 237
"../../../BlueprintScripting/Content/FirstPerson/FPWeapon/Materials/MaterialLayers/T_ML_FineRubber.uasset" 238
"../../../Engine/Content/MobileResources/T_MobileControls_texture.uasset" 239
"../../../Engine/Content/MobileResources/HUD/AnalogHat.uasset" 240
"../../../Engine/Content/MobileResources/HUD/DefaultVirtualJoysticks.uasset" 241
"../../../Engine/Content/MobileResources/HUD/MobileHUDButtonFire.uasset" 242
"../../../Engine/Content/MobileResources/HUD/MobileHUDDirectionStick.uasset" 243
"../../../BlueprintScripting/Content/AnimStarterPack/Fire_Shotgun_Hip.uasset" 244
"../../../BlueprintScripting/Content/AnimStarterPack/Fire_Shotgun_Ironsights.uasset" 245
"../../../BlueprintScripting/Content/AnimStarterPack/Hit_React_4.uasset" 246
"../../../BlueprintScripting/Content/AnimStarterPack/Idle_Pistol.uasset" 247
"../../../Engine/Content/EditorResources/EmptyActor.uasset" 248
"../../../BlueprintScripting/Content/StarterContent/Shapes/Shape_Tube.uasset" 249
"../../../BlueprintScripting/Content/StarterContent/Shapes/Shape_TriPyramid.uasset" 250
"../../../BlueprintScripting/Content/StarterContent/Shapes/Shape_Trim_90_Out.uasset" 251
"../../../BlueprintScripting/Content/StarterContent/Shapes/Shape_Trim_90_In.uasset" 252
"../../../Engine/Content/MobileResources/HUD/MobileHUDButton2_off.uasset" 253
"../../../BlueprintScripting/Content/FirstPerson/FPWeapon/Mesh/SK_FPGun_PhysicsAsset.uasset" 254
"../../../BlueprintScripting/Content/StarterContent/Textures/T_MacroVariation.uasset" 255
"../../../BlueprintScripting/Content/StarterContent/Textures/T_Perlin_Noise_M.uasset" 256
"../../../BlueprintScripting/Content/StarterContent/Textures/T_Wood_Pine_D.uasset" 257
"../../../BlueprintScripting/Content/StarterContent/Textures/T_Wood_Pine_N.uasset" 258
"../../../BlueprintScripting/Content/StarterContent/Materials/M_Wood_Pine.uasset" 259
"../../../BlueprintScripting/Content/StarterContent/Textures/T_Wood_Oak_D.uasset" 260
"../../../BlueprintScripting/Content/StarterContent/Textures/T_Wood_Oak_N.uasset" 261
"../../../BlueprintScripting/Content/StarterContent/Materials/M_Wood_Oak.uasset" 262
"../../../BlueprintScripting/Content/StarterContent/Shapes/Shape_Wedge_B.uasset" 263
"../../../BlueprintScripting/Content/StarterContent/Shapes/Shape_Wedge_A.uasset" 264
"../../../BlueprintScripting/Content/StarterContent/Textures/T_Dust_Particle_D.uasset" 265
"../../../BlueprintScripting/Content/StarterContent/Particles/Materials/M_Dust_Particle.uasset" 266
"../../../BlueprintScripting/Content/StarterContent/Particles/P_Ambient_Dust.uasset" 267
"../../../BlueprintScripting/Content/StarterContent/Textures/T_Wood_Walnut_D.uasset" 268
"../../../BlueprintScripting/Content/StarterContent/Textures/T_Wood_Walnut_N.uasset" 269
"../../../BlueprintScripting/Content/StarterContent/Materials/M_Wood_Walnut.uasset" 270
"../../../BlueprintScripting/Content/FirstPerson/FPWeapon/Materials/MaterialLayers/ML_Plastic_Shiny_Beige_LOGO.uasset" 271
"../../../BlueprintScripting/Content/StarterContent/Shapes/Shape_WideCapsule.uasset" 272
"../../../BlueprintScripting/Content/FirstPerson/Textures/FirstPersonCrosshair.uasset" 273
"../../../BlueprintScripting/Content/FirstPersonBP/Blueprints/FirstPersonHUD.uasset" 274
"../../../BlueprintScripting/Content/FirstPersonBP/Blueprints/FirstPersonGameMode.uasset" 275
"../../../BlueprintScripting/Content/FirstPerson/Character/Mesh/FirstPersonAnimBlueprint_Copy.uasset" 276
"../../../Engine/Content/EditorMaterials/PhAT_JointLimitMaterial.uasset" 277
"../../../Engine/Content/EditorMaterials/PreviewShadowIndicator.uasset" 278
"../../../Engine/Content/EditorMaterials/PreviewShadowIndicatorMaterial.uasset" 279
"../../../Engine/Content/EditorMeshes/ColorCalibrator/M_ChromeBall.uasset" 280
"../../../Engine/Content/EditorMeshes/ColorCalibrator/M_ClearCoat.uasset" 281
"../../../Engine/Content/EditorMeshes/ColorCalibrator/M_ClearCoatBlack.uasset" 282
"../../../Engine/Content/EditorMeshes/ColorCalibrator/T_ColorGrid.uasset" 283
"../../../Engine/Content/EditorMeshes/ColorCalibrator/M_ColorGrid.uasset" 284
"../../../Engine/Content/EditorMeshes/ColorCalibrator/M_GreyBall.uasset" 285
"../../../Engine/Content/EditorMeshes/ColorCalibrator/SM_ColorCalibrator.uasset" 286
"../../../Engine/Content/EditorResources/BSPVertex.uasset" 287
"../../../Engine/Content/EngineDebugMaterials/HeatmapGradient.uasset" 288
"../../../Engine/Content/EngineDebugMaterials/BoneWeightMaterial.uasset" 289
"../../../Engine/Content/EngineDebugMaterials/GeomMaterial.uasset" 290
"../../../Engine/Content/Functions/Engine_MaterialFunctions01/Shading/ConvertFromDiffSpec.uasset" 291
"../../../Engine/Content/EngineDebugMaterials/LevelColorationLitMaterial.uasset" 292
"../../../Engine/Content/EngineDebugMaterials/LevelColorationUnlitMaterial.uasset" 293
"../../../Engine/Content/EngineMaterials/DefaultWhiteGrid.uasset" 294
"../../../Engine/Content/EngineDebugMaterials/MAT_LevelColorationLitLightmapUV.uasset" 295
"../../../Engine/Content/EngineDebugMaterials/ShadedLevelColorationLitMaterial.uasset" 296
"../../../Engine/Content/EngineDebugMaterials/ShadedLevelColorationUnlitMateri.uasset" 297
"../../../Engine/Content/EngineDebugMaterials/VertexColorMaterial.uasset" 298
"../../../Engine/Content/EngineDebugMaterials/VertexColorViewMode_AlphaAsColor.uasset" 299
"../../../Engine/Content/EngineDebugMaterials/VertexColorViewMode_BlueOnly.uasset" 300
"../../../Engine/Content/EngineDebugMaterials/VertexColorViewMode_ColorOnly.uasset" 301
"../../../Engine/Content/EngineDebugMaterials/VertexColorViewMode_GreenOnly.uasset" 302
"../../../Engine/Content/EngineDebugMaterials/VertexColorViewMode_RedOnly.uasset" 303
"../../../Engine/Content/EngineDebugMaterials/WireframeMaterial.uasset" 304
"../../../Engine/Content/EngineMaterials/EditorBrushMaterial.uasset" 305
"../../../Engine/Content/MobileResources/HUD/MobileHUDButton1_off.uasset" 306
"../../../Engine/Content/MobileResources/HUD/MobileHUDButton1_on.uasset" 307
"../../../Engine/Content/MobileResources/HUD/MobileHUDButton2_on.uasset" 308
"../../../Engine/Content/MobileResources/HUD/MobileHUDDirectionPad.uasset" 309
"../../../Engine/Content/MobileResources/HUD/MobileHUDDirectionPad2.uasset" 310
"../../../Engine/Content/MobileResources/HUD/T_Castle_ThumbstickInner.uasset" 311
"../../../Engine/Content/MobileResources/HUD/T_Castle_ThumbstickOutter.uasset" 312
"../../../Engine/Content/Tutorial/BlueprintTutorials/TutorialAssets/BlueprintInterface_64x.uasset" 313
"../../../Engine/Content/Tutorial/BlueprintTutorials/TutorialAssets/Tutorial_BP_Interface.uasset" 314
"../../../Engine/Content/Tutorial/BlueprintTutorials/BlueprintInterfacesEditorOverview.uasset" 315
"../../../Engine/Content/Tutorial/BlueprintTutorials/TutorialAssets/BlueprintMacroLibrary_64x.uasset" 316
"../../../Engine/Content/Tutorial/BlueprintTutorials/TutorialAssets/Tutorial_BP_MacroLib.uasset" 317
"../../../Engine/Content/Tutorial/BlueprintTutorials/BlueprintMacroLibrariesEditorOverview.uasset" 318
"../../../Engine/Content/Tutorial/BlueprintTutorials/LevelBlueprintEditorOverview.uasset" 319
"../../../Engine/Content/Tutorial/Foliage/TutorialAssets/Foliage.uasset" 320
"../../../Engine/Content/Tutorial/Foliage/Foliage_Settings_Tutorial.uasset" 321
"../../../Engine/Content/Tutorial/Foliage/Foliage_Using_The_Tool_Tutorial.uasset" 322
"../../../Engine/Content/Tutorial/Foliage/Foliage_Intro_Tutorial.uasset" 323
"../../../Engine/Content/Tutorial/Landscape/TutorialAssets/Landscape.uasset" 324
"../../../Engine/Content/Tutorial/Landscape/Landscape_Painting_Mode.uasset" 325
"../../../Engine/Content/Tutorial/Landscape/Landscape_Sculpt_Mode.uasset" 326
"../../../Engine/Content/Tutorial/Landscape/Landscape_Manage_Mode.uasset" 327
"../../../Engine/Content/Tutorial/Paper2D/TutorialAssets/Paper2DFlipbook_TutorialIcon.uasset" 328
"../../../Engine/Content/Tutorial/Paper2D/FlipbookEditorTutorial.uasset" 329
"../../../Engine/Content/Tutorial/Paper2D/TutorialAssets/Paper2DSprite_TutorialIcon.uasset" 330
"../../../Engine/Content/Tutorial/Paper2D/SpriteEditorTutorial.uasset" 331
"../../../Engine/Content/EditorMeshes/EditorCube.uasset" 332
"../../../Engine/Content/Tutorial/SubEditors/TutorialAssets/Tutorial_DM.uasset" 333
"../../../Engine/Content/Tutorial/SubEditors/DestructibleMeshEditorTutorial.uasset" 334
"../../../Engine/Content/Tutorial/SubEditors/TutorialAssets/TutorialMaterial.uasset" 335
"../../../Engine/Content/Tutorial/SubEditors/MaterialEditorTutorial.uasset" 336
"../../../Engine/Content/Tutorial/SubEditors/TutorialAssets/T_SmokeSubUV_8X8.uasset" 337
"../../../Engine/Content/Tutorial/SubEditors/TutorialAssets/T_soft_smoke.uasset" 338
"../../../Engine/Content/Tutorial/SubEditors/TutorialAssets/M_smoke_subUV_blackbody.uasset" 339
"../../../Engine/Content/Tutorial/SubEditors/TutorialAssets/TutorialParticleSystem.uasset" 340
"../../../Engine/Content/Tutorial/SubEditors/ParticleSystemEditorTutorial.uasset" 341
"../../../Engine/Content/Tutorial/SubEditors/TutorialAssets/icon_ShowSkeletalMeshes_40x.uasset" 342
"../../../Engine/Content/Tutorial/SubEditors/TutorialAssets/Character/TutorialTPP_Mat.uasset" 343
"../../../Engine/Content/Tutorial/SubEditors/TutorialAssets/Character/TutorialTPP_PhysicsAsset.uasset" 344
"../../../Engine/Content/Tutorial/SubEditors/TutorialAssets/Character/TutorialTPP.uasset" 345
"../../../Engine/Content/Tutorial/SubEditors/TutorialAssets/Character/TutorialTPP_Skeleton.uasset" 346
"../../../Engine/Content/Tutorial/SubEditors/TutorialAssets/Character/Tutorial_Idle.uasset" 347
"../../../Engine/Content/Tutorial/SubEditors/TutorialAssets/Character/Tutorial_Walk_Fwd.uasset" 348
"../../../Engine/Content/Tutorial/SubEditors/TutorialAssets/Character/NewBlendSpace1D.uasset" 349
"../../../Engine/Content/Tutorial/SubEditors/TutorialAssets/Character/TutorialCharacter.uasset" 350
"../../../Engine/Content/Tutorial/SubEditors/TutorialAssets/Character/TutorialTPP_AnimBlueprint.uasset" 351
"../../../Engine/Content/Tutorial/SubEditors/PersonaAnimBlueprintEditorWalkthrough.uasset" 352
"../../../Engine/Content/Tutorial/SubEditors/PersonaAnimEditorWalkthrough.uasset" 353
"../../../Engine/Content/Tutorial/SubEditors/PersonaAnimEditorTutorial.uasset" 354
"../../../Engine/Content/EngineMeshes/Cube.uasset" 355
"../../../Engine/Content/Tutorial/SubEditors/StaticMeshEditorTutorial.uasset" 356
"../../../Engine/Content/Tutorial/SubEditors/TutorialAssets/icon_Editor_Preferences_General_40x.uasset" 357
"../../../BlueprintScripting/Content/AnimStarterPack/Aim_Space_Hip.uasset" 358
"../../../BlueprintScripting/Content/AnimStarterPack/Aim_Space_Ironsights.uasset" 359
"../../../BlueprintScripting/Content/AnimStarterPack/Crouch_to_Stand_Rifle_Hip.uasset" 360
"../../../BlueprintScripting/Content/AnimStarterPack/Crouch_to_Stand_Rifle_Ironsights.uasset" 361
"../../../BlueprintScripting/Content/AnimStarterPack/Crouch_Walk_Bwd_Rifle_Ironsights.uasset" 362
"../../../BlueprintScripting/Content/AnimStarterPack/Crouch_Walk_Lt_Rifle_Ironsights.uasset" 363
"../../../BlueprintScripting/Content/AnimStarterPack/Crouch_Walk_Rt_Rifle_Ironsights.uasset" 364
"../../../BlueprintScripting/Content/AnimStarterPack/Death_1.uasset" 365
"../../../BlueprintScripting/Content/AnimStarterPack/Death_2.uasset" 366
"../../../BlueprintScripting/Content/AnimStarterPack/Death_3.uasset" 367
"../../../BlueprintScripting/Content/AnimStarterPack/Death_Ironsights_1.uasset" 368
"../../../BlueprintScripting/Content/AnimStarterPack/Death_Ironsights_2.uasset" 369
"../../../BlueprintScripting/Content/AnimStarterPack/Equip_Rifle_Standing.uasset" 370
"../../../BlueprintScripting/Content/AnimStarterPack/Fire_Rifle_Hip.uasset" 371
"../../../BlueprintScripting/Content/AnimStarterPack/Idle_Rifle_Ironsights.uasset" 372
"../../../BlueprintScripting/Content/AnimStarterPack/Jump_From_Stand_Ironsights.uasset" 373
"../../../BlueprintScripting/Content/AnimStarterPack/Prone_Death_1.uasset" 374
"../../../BlueprintScripting/Content/AnimStarterPack/Prone_Death_2.uasset" 375
"../../../BlueprintScripting/Content/AnimStarterPack/Prone_Fire_1.uasset" 376
"../../../BlueprintScripting/Content/AnimStarterPack/Prone_Fire_2.uasset" 377
"../../../BlueprintScripting/Content/AnimStarterPack/Prone_Idle.uasset" 378
"../../../BlueprintScripting/Content/AnimStarterPack/Prone_Reload_Rifle.uasset" 379
"../../../BlueprintScripting/Content/AnimStarterPack/Prone_Reload_Shotgun.uasset" 380
"../../../BlueprintScripting/Content/AnimStarterPack/Prone_To_Stand.uasset" 381
"../../../BlueprintScripting/Content/AnimStarterPack/Reload_Pistol.uasset" 382
"../../../BlueprintScripting/Content/AnimStarterPack/Reload_Rifle_Ironsights.uasset" 383
"../../../BlueprintScripting/Content/AnimStarterPack/Reload_Shotgun_Hip.uasset" 384
"../../../BlueprintScripting/Content/AnimStarterPack/Reload_Shotgun_Ironsights.uasset" 385
"../../../BlueprintScripting/Content/AnimStarterPack/Sprint_Fwd_Rifle.uasset" 386
"../../../BlueprintScripting/Content/AnimStarterPack/Stand_to_Crouch_Rifle_Hip.uasset" 387
"../../../BlueprintScripting/Content/AnimStarterPack/Stand_to_Crouch_Rifle_Ironsights.uasset" 388
"../../../BlueprintScripting/Content/AnimStarterPack/Stand_To_Prone.uasset" 389
"../../../BlueprintScripting/Content/AnimStarterPack/Walk_Bwd_Rifle_Ironsights.uasset" 390
"../../../BlueprintScripting/Content/FirstPerson/Animations/FirstPerson_EndJump.uasset" 391
"../../../BlueprintScripting/Content/FirstPersonBP/FirstPersonOverview.uasset" 392
"../../../Engine/Content/BasicShapes/BasicShapeMaterial.uasset" 393
"../../../Engine/Content/BasicShapes/Cylinder.uasset" 394
"../../../BlueprintScripting/Content/FirstPersonBP/Blueprints/CylinderTarget_Blueprint.uasset" 395
"../../../BlueprintScripting/Content/FirstPersonBP/Blueprints/EnemySpawner.uasset" 396
"../../../BlueprintScripting/Content/Geometry/Meshes/1M_Cube_Chamfer.uasset" 397
"../../../BlueprintScripting/Content/Geometry/Meshes/TemplateFloor.uasset" 398
"../../../BlueprintScripting/Content/StarterContent/Materials/M_Basic_Floor.uasset" 399
"../../../BlueprintScripting/Content/StarterContent/Architecture/Floor_400x400.uasset" 400
"../../../BlueprintScripting/Content/StarterContent/Architecture/Pillar_50x500.uasset" 401
"../../../BlueprintScripting/Content/StarterContent/Materials/M_AssetPlatform.uasset" 402
"../../../BlueprintScripting/Content/StarterContent/Architecture/SM_AssetPlatform.uasset" 403
"../../../BlueprintScripting/Content/StarterContent/Architecture/Wall_400x200.uasset" 404
"../../../BlueprintScripting/Content/StarterContent/Architecture/Wall_400x300.uasset" 405
"../../../BlueprintScripting/Content/StarterContent/Architecture/Wall_400x400.uasset" 406
"../../../BlueprintScripting/Content/StarterContent/Architecture/Wall_500x500.uasset" 407
"../../../BlueprintScripting/Content/StarterContent/Architecture/Wall_Door_400x300.uasset" 408
"../../../BlueprintScripting/Content/StarterContent/Architecture/Wall_Door_400x400.uasset" 409
"../../../BlueprintScripting/Content/StarterContent/Architecture/Wall_Window_400x300.uasset" 410
"../../../BlueprintScripting/Content/StarterContent/Architecture/Wall_Window_400x400.uasset" 411
"../../../BlueprintScripting/Content/StarterContent/Audio/Collapse01.uasset" 412
"../../../BlueprintScripting/Content/StarterContent/Audio/Collapse02.uasset" 413
"../../../BlueprintScripting/Content/StarterContent/Audio/Collapse_Cue.uasset" 414
"../../../BlueprintScripting/Content/StarterContent/Audio/Light01.uasset" 415
"../../../BlueprintScripting/Content/StarterContent/Audio/Light01_Cue.uasset" 416
"../../../BlueprintScripting/Content/StarterContent/Audio/Light02.uasset" 417
"../../../BlueprintScripting/Content/StarterContent/Audio/Light02_Cue.uasset" 418
"../../../BlueprintScripting/Content/StarterContent/Audio/Starter_Birds01.uasset" 419
"../../../BlueprintScripting/Content/StarterContent/Audio/Starter_Wind05.uasset" 420
"../../../BlueprintScripting/Content/StarterContent/Audio/Starter_Wind06.uasset" 421
"../../../BlueprintScripting/Content/StarterContent/Audio/Starter_Background_Cue.uasset" 422
"../../../BlueprintScripting/Content/StarterContent/Audio/Starter_Music01.uasset" 423
"../../../BlueprintScripting/Content/StarterContent/Audio/Starter_Music_Cue.uasset" 424
"../../../BlueprintScripting/Content/StarterContent/Textures/T_Lamp_M.uasset" 425
"../../../BlueprintScripting/Content/StarterContent/Textures/T_Lamp_N.uasset" 426
"../../../BlueprintScripting/Content/StarterContent/Props/Materials/M_Lamp.uasset" 427
"../../../BlueprintScripting/Content/StarterContent/Props/SM_Lamp_Ceiling.uasset" 428
"../../../BlueprintScripting/Content/StarterContent/Blueprints/Blueprint_CeilingLight.uasset" 429
"../../../BlueprintScripting/Content/StarterContent/Audio/Explosion02.uasset" 430
"../../../BlueprintScripting/Content/StarterContent/Audio/Explosion_Cue.uasset" 431
"../../../BlueprintScripting/Content/StarterContent/Blueprints/Blueprint_Effect_Explosion.uasset" 432
"../../../BlueprintScripting/Content/StarterContent/Audio/Fire01.uasset" 433
"../../../BlueprintScripting/Content/StarterContent/Audio/Fire01_Cue.uasset" 434
"../../../BlueprintScripting/Content/StarterContent/Textures/T_Fire_SubUV.uasset" 435
"../../../BlueprintScripting/Content/StarterContent/Textures/T_Fire_Tiled_D.uasset" 436
"../../../BlueprintScripting/Content/StarterContent/Particles/Materials/M_Fire_SubUV.uasset" 437
"../../../BlueprintScripting/Content/StarterContent/Textures/T_Water_N.uasset" 438
"../../../BlueprintScripting/Content/StarterContent/Particles/Materials/M_Heat_Distortion.uasset" 439
"../../../BlueprintScripting/Content/StarterContent/Particles/Materials/M_Radial_Gradient.uasset" 440
"../../../BlueprintScripting/Content/StarterContent/Particles/P_Fire.uasset" 441
"../../../BlueprintScripting/Content/StarterContent/Blueprints/Blueprint_Effect_Fire.uasset" 442
"../../../BlueprintScripting/Content/StarterContent/Audio/Smoke01.uasset" 443
"../../../BlueprintScripting/Content/StarterContent/Audio/Smoke01_Cue.uasset" 444
"../../../BlueprintScripting/Content/StarterContent/Particles/P_Smoke.uasset" 445
"../../../BlueprintScripting/Content/StarterContent/Blueprints/Blueprint_Effect_Smoke.uasset" 446
"../../../BlueprintScripting/Content/StarterContent/Audio/Fire_Sparks01.uasset" 447
"../../../BlueprintScripting/Content/StarterContent/Audio/Fire_Sparks01_Cue.uasset" 448
"../../../BlueprintScripting/Content/StarterContent/Textures/T_Spark_Core.uasset" 449
"../../../BlueprintScripting/Content/StarterContent/Particles/Materials/M_Spark.uasset" 450
"../../../BlueprintScripting/Content/StarterContent/Particles/P_Sparks.uasset" 451
"../../../BlueprintScripting/Content/StarterContent/Blueprints/Blueprint_Effect_Sparks.uasset" 452
"../../../BlueprintScripting/Content/StarterContent/Audio/Steam01.uasset" 453
"../../../BlueprintScripting/Content/StarterContent/Audio/Steam01_Cue.uasset" 454
"../../../BlueprintScripting/Content/StarterContent/Particles/P_Steam_Lit.uasset" 455
"../../../BlueprintScripting/Content/StarterContent/Blueprints/Blueprint_Effect_Steam.uasset" 456
"../../../BlueprintScripting/Content/StarterContent/Props/SM_Lamp_Wall.uasset" 457
"../../../BlueprintScripting/Content/StarterContent/Blueprints/Blueprint_WallSconce.uasset" 458
"../../../BlueprintScripting/Content/StarterContent/Blueprints/Assets/FogBrightnessLUT.uasset" 459
"../../../BlueprintScripting/Content/StarterContent/Blueprints/Assets/SunlightColorLUT.uasset" 460
"../../../BlueprintScripting/Content/StarterContent/Blueprints/Assets/M_LightStage_Arrows.uasset" 461
"../../../Engine/Content/MapTemplates/Sky/DaylightAmbientCubemap.uasset" 462
"../../../BlueprintScripting/Content/StarterContent/Blueprints/Assets/M_LightStage_Skybox_Master.uasset" 463
"../../../BlueprintScripting/Content/StarterContent/Blueprints/Assets/M_LightStage_Skybox_Black.uasset" 464
"../../../BlueprintScripting/Content/StarterContent/Blueprints/Assets/M_LightStage_Skybox_HDRI.uasset" 465
"../../../Engine/Content/EditorMaterials/Thumbnails/SkySphereMaterial.uasset" 466
"../../../BlueprintScripting/Content/StarterContent/Blueprints/Assets/Skybox.uasset" 467
"../../../BlueprintScripting/Content/StarterContent/Blueprints/Assets/SM_Arrows.uasset" 468
"../../../BlueprintScripting/Content/StarterContent/HDRI/HDRI_Epic_Courtyard_Daylight.uasset" 469
"../../../BlueprintScripting/Content/StarterContent/Blueprints/BP_LightStudio.uasset" 470
"../../../BlueprintScripting/Content/StarterContent/Textures/T_Brick_Clay_Beveled_D.uasset" 471
"../../../BlueprintScripting/Content/StarterContent/Textures/T_Brick_Clay_Beveled_M.uasset" 472
"../../../BlueprintScripting/Content/StarterContent/Textures/T_Brick_Clay_Beveled_N.uasset" 473
"../../../BlueprintScripting/Content/StarterContent/Materials/M_Brick_Clay_Beveled.uasset" 474
"../../../BlueprintScripting/Content/StarterContent/Textures/T_Brick_Clay_New_D.uasset" 475
"../../../BlueprintScripting/Content/StarterContent/Textures/T_Brick_Clay_New_M.uasset" 476
"../../../BlueprintScripting/Content/StarterContent/Textures/T_Brick_Clay_New_N.uasset" 477
"../../../BlueprintScripting/Content/StarterContent/Textures/T_Detail_Rocky_N.uasset" 478
"../../../BlueprintScripting/Content/StarterContent/Materials/M_Brick_Clay_New.uasset" 479
"../../../BlueprintScripting/Content/StarterContent/Textures/T_Brick_Clay_Old_D.uasset" 480
"../../../BlueprintScripting/Content/StarterContent/Textures/T_Brick_Clay_Old_N.uasset" 481
"../../../BlueprintScripting/Content/StarterContent/Materials/M_Brick_Clay_Old.uasset" 482
"../../../BlueprintScripting/Content/StarterContent/Textures/T_Brick_Cut_Stone_D.uasset" 483
"../../../BlueprintScripting/Content/StarterContent/Textures/T_Brick_Cut_Stone_N.uasset" 484
"../../../BlueprintScripting/Content/StarterContent/Materials/M_Brick_Cut_Stone.uasset" 485
"../../../BlueprintScripting/Content/StarterContent/Textures/T_Brick_Hewn_Stone_D.uasset" 486
"../../../BlueprintScripting/Content/StarterContent/Textures/T_Brick_Hewn_Stone_M.uasset" 487
"../../../BlueprintScripting/Content/StarterContent/Textures/T_Brick_Hewn_Stone_N.uasset" 488
"../../../BlueprintScripting/Content/StarterContent/Materials/M_Brick_Hewn_Stone.uasset" 489
"../../../BlueprintScripting/Content/StarterContent/Textures/T_Ceramic_Tile_M.uasset" 490
"../../../BlueprintScripting/Content/StarterContent/Textures/T_Ceramic_Tile_N.uasset" 491
"../../../BlueprintScripting/Content/StarterContent/Textures/T_Rock_Marble_Polished_D.uasset" 492
"../../../BlueprintScripting/Content/StarterContent/Materials/M_Ceramic_Tile_Checker.uasset" 493
"../../../BlueprintScripting/Content/StarterContent/Textures/T_CobbleStone_Pebble_D.uasset" 494
"../../../BlueprintScripting/Content/StarterContent/Textures/T_CobbleStone_Pebble_M.uasset" 495
"../../../BlueprintScripting/Content/StarterContent/Textures/T_CobbleStone_Pebble_N.uasset" 496
"../../../BlueprintScripting/Content/StarterContent/Materials/M_CobbleStone_Pebble.uasset" 497
"../../../BlueprintScripting/Content/StarterContent/Textures/T_CobbleStone_Rough_D.uasset" 498
"../../../BlueprintScripting/Content/StarterContent/Textures/T_CobbleStone_Rough_N.uasset" 499
"../../../BlueprintScripting/Content/StarterContent/Textures/T_Gradinet_01.uasset" 500
"../../../BlueprintScripting/Content/StarterContent/Textures/T_Rock_Smooth_Granite_D.uasset" 501
"../../../BlueprintScripting/Content/StarterContent/Materials/M_CobbleStone_Rough.uasset" 502
"../../../BlueprintScripting/Content/StarterContent/Textures/T_CobbleStone_Smooth_D.uasset" 503
"../../../BlueprintScripting/Content/StarterContent/Textures/T_CobbleStone_Smooth_M.uasset" 504
"../../../BlueprintScripting/Content/StarterContent/Textures/T_CobbleStone_Smooth_N.uasset" 505
"../../../BlueprintScripting/Content/StarterContent/Materials/M_CobbleStone_Smooth.uasset" 506
"../../../BlueprintScripting/Content/StarterContent/Materials/M_ColorGrid_LowSpec.uasset" 507
"../../../BlueprintScripting/Content/StarterContent/Textures/T_Concrete_Grime_D.uasset" 508
"../../../BlueprintScripting/Content/StarterContent/Textures/T_Metal_Rust_N.uasset" 509
"../../../BlueprintScripting/Content/StarterContent/Materials/M_Concrete_Grime.uasset" 510
"../../../BlueprintScripting/Content/StarterContent/Textures/T_Concrete_Panels_D.uasset" 511
"../../../BlueprintScripting/Content/StarterContent/Textures/T_Concrete_Panels_N.uasset" 512
"../../../BlueprintScripting/Content/StarterContent/Materials/M_Concrete_Panels.uasset" 513
"../../../BlueprintScripting/Content/StarterContent/Textures/T_Concrete_Poured_D.uasset" 514
"../../../BlueprintScripting/Content/StarterContent/Textures/T_Concrete_Poured_N.uasset" 515
"../../../BlueprintScripting/Content/StarterContent/Materials/M_Concrete_Poured.uasset" 516
"../../../BlueprintScripting/Content/StarterContent/Textures/T_Concrete_Tiles_D.uasset" 517
"../../../BlueprintScripting/Content/StarterContent/Textures/T_Concrete_Tiles_M.uasset" 518
"../../../BlueprintScripting/Content/StarterContent/Textures/T_Concrete_Tiles_N.uasset" 519
"../../../BlueprintScripting/Content/StarterContent/Textures/T_Concrete_Tiles_Variation_M.uasset" 520
"../../../BlueprintScripting/Content/StarterContent/Materials/M_Concrete_Tiles.uasset" 521
"../../../BlueprintScripting/Content/StarterContent/Textures/T_Ground_Grass_D.uasset" 522
"../../../BlueprintScripting/Content/StarterContent/Textures/T_Ground_Grass_N.uasset" 523
"../../../BlueprintScripting/Content/StarterContent/Materials/M_Ground_Grass.uasset" 524
"../../../BlueprintScripting/Content/StarterContent/Textures/T_Ground_Gravel_D.uasset" 525
"../../../BlueprintScripting/Content/StarterContent/Textures/T_Ground_Gravel_N.uasset" 526
"../../../BlueprintScripting/Content/StarterContent/Materials/M_Ground_Gravel.uasset" 527
"../../../BlueprintScripting/Content/StarterContent/Textures/T_ground_Moss_D.uasset" 528
"../../../BlueprintScripting/Content/StarterContent/Textures/T_Ground_Moss_N.uasset" 529
"../../../BlueprintScripting/Content/StarterContent/Materials/M_Ground_Moss.uasset" 530
"../../../BlueprintScripting/Content/StarterContent/Materials/M_Metal_Brushed_Nickel.uasset" 531
"../../../BlueprintScripting/Content/StarterContent/Textures/T_Metal_Aluminum_D.uasset" 532
"../../../BlueprintScripting/Content/StarterContent/Textures/T_Metal_Gold_N.uasset" 533
"../../../BlueprintScripting/Content/StarterContent/Materials/M_Metal_Burnished_Steel.uasset" 534
"../../../BlueprintScripting/Content/StarterContent/Materials/M_Metal_Chrome.uasset" 535
"../../../BlueprintScripting/Content/StarterContent/Textures/T_Metal_Copper_D.uasset" 536
"../../../BlueprintScripting/Content/StarterContent/Materials/M_Metal_Copper.uasset" 537
"../../../BlueprintScripting/Content/StarterContent/Textures/T_Metal_Gold_D.uasset" 538
"../../../BlueprintScripting/Content/StarterContent/Materials/M_Metal_Gold.uasset" 539
"../../../BlueprintScripting/Content/StarterContent/Textures/T_Metal_Rust_D.uasset" 540
"../../../BlueprintScripting/Content/StarterContent/Materials/M_Metal_Rust.uasset" 541
"../../../BlueprintScripting/Content/StarterContent/Textures/T_Metal_Steel_D.uasset" 542
"../../../BlueprintScripting/Content/StarterContent/Textures/T_Metal_Steel_N.uasset" 543
"../../../BlueprintScripting/Content/StarterContent/Materials/M_Metal_Steel.uasset" 544
"../../../BlueprintScripting/Content/StarterContent/Textures/T_Rock_Basalt_D.uasset" 545
"../../../BlueprintScripting/Content/StarterContent/Textures/T_Rock_Basalt_N.uasset" 546
"../../../BlueprintScripting/Content/StarterContent/Materials/M_Rock_Basalt.uasset" 547
"../../../BlueprintScripting/Content/StarterContent/Materials/M_Rock_Marble_Polished.uasset" 548
"../../../BlueprintScripting/Content/StarterContent/Textures/T_Rock_Sandstone_D.uasset" 549
"../../../BlueprintScripting/Content/StarterContent/Textures/T_Rock_Sandstone_N.uasset" 550
"../../../BlueprintScripting/Content/StarterContent/Materials/M_Rock_Sandstone.uasset" 551
"../../../BlueprintScripting/Content/StarterContent/Textures/T_Rock_Slate_D.uasset" 552
"../../../BlueprintScripting/Content/StarterContent/Textures/T_Rock_Slate_N.uasset" 553
"../../../BlueprintScripting/Content/StarterContent/Materials/M_Rock_Slate.uasset" 554
"../../../BlueprintScripting/Content/StarterContent/Textures/T_Checker_Noise_M.uasset" 555
"../../../BlueprintScripting/Content/StarterContent/Textures/T_Single_Tile_N.uasset" 556
"../../../BlueprintScripting/Content/StarterContent/Textures/T_Tech_Dot_M.uasset" 557
"../../../BlueprintScripting/Content/StarterContent/Textures/T_Tech_Dot_N.uasset" 558
"../../../BlueprintScripting/Content/StarterContent/Materials/M_Tech_Checker_Dot.uasset" 559
"../../../BlueprintScripting/Content/StarterContent/Textures/T_Tech_Hex_Tile_M.uasset" 560
"../../../BlueprintScripting/Content/StarterContent/Textures/T_Tech_Hex_Tile_N.uasset" 561
"../../../BlueprintScripting/Content/StarterContent/Materials/M_Tech_Hex_Tile.uasset" 562
"../../../BlueprintScripting/Content/StarterContent/Materials/M_Tech_Hex_Tile_Pulse.uasset" 563
"../../../BlueprintScripting/Content/StarterContent/Textures/T_Tech_Panel_M.uasset" 564
"../../../BlueprintScripting/Content/StarterContent/Textures/T_Tech_Panel_N.uasset" 565
"../../../BlueprintScripting/Content/StarterContent/Materials/M_Tech_Panel.uasset" 566
"../../../BlueprintScripting/Content/StarterContent/Materials/M_Water_Lake.uasset" 567
"../../../BlueprintScripting/Content/StarterContent/Textures/T_Water_M.uasset" 568
"../../../BlueprintScripting/Content/StarterContent/Materials/M_Water_Ocean.uasset" 569
"../../../BlueprintScripting/Content/StarterContent/Textures/T_Wood_Floor_Walnut_D.uasset" 570
"../../../BlueprintScripting/Content/StarterContent/Textures/T_Wood_Floor_Walnut_M.uasset" 571
"../../../BlueprintScripting/Content/StarterContent/Textures/T_Wood_Floor_Walnut_N.uasset" 572
"../../../BlueprintScripting/Content/StarterContent/Materials/M_Wood_Floor_Walnut_Polished.uasset" 573
"../../../Engine/Content/Functions/Engine_MaterialFunctions01/Opacity/AlphaOffset.uasset" 574
"../../../BlueprintScripting/Content/StarterContent/Materials/M_Wood_Floor_Walnut_Worn.uasset" 575
"../../../BlueprintScripting/Content/StarterContent/Props/MaterialSphere.uasset" 576
"../../../BlueprintScripting/Content/StarterContent/Textures/T_Bush_D.uasset" 577
"../../../BlueprintScripting/Content/StarterContent/Textures/T_Bush_N.uasset" 578
"../../../BlueprintScripting/Content/StarterContent/Props/Materials/M_Bush.uasset" 579
"../../../BlueprintScripting/Content/StarterContent/Props/SM_Bush.uasset" 580
"../../../BlueprintScripting/Content/StarterContent/Textures/T_Chair_M.uasset" 581
"../../../BlueprintScripting/Content/StarterContent/Textures/T_Chair_N.uasset" 582
"../../../BlueprintScripting/Content/StarterContent/Props/Materials/M_Chair.uasset" 583
"../../../BlueprintScripting/Content/StarterContent/Props/SM_Chair.uasset" 584
"../../../BlueprintScripting/Content/StarterContent/Textures/T_Frame_M.uasset" 585
"../../../BlueprintScripting/Content/StarterContent/Textures/T_Frame_N.uasset" 586
"../../../BlueprintScripting/Content/StarterContent/Props/Materials/M_Frame.uasset" 587
"../../../BlueprintScripting/Content/StarterContent/Props/SM_CornerFrame.uasset" 588
"../../../BlueprintScripting/Content/StarterContent/Props/SM_Couch.uasset" 589
"../../../BlueprintScripting/Content/StarterContent/Materials/M_Glass.uasset" 590
"../../../BlueprintScripting/Content/StarterContent/Props/SM_Door.uasset" 591
"../../../BlueprintScripting/Content/StarterContent/Props/SM_DoorFrame.uasset" 592
"../../../BlueprintScripting/Content/StarterContent/Props/SM_GlassWindow.uasset" 593
"../../../BlueprintScripting/Content/StarterContent/Props/Materials/M_MaterialSphere.uasset" 594
"../../../BlueprintScripting/Content/StarterContent/Props/Materials/M_MaterialSphere_Plain.uasset" 595
"../../../BlueprintScripting/Content/StarterContent/Props/SM_MatPreviewMesh_02.uasset" 596
"../../../BlueprintScripting/Content/StarterContent/Props/SM_PillarFrame.uasset" 597
"../../../BlueprintScripting/Content/StarterContent/Props/SM_PillarFrame300.uasset" 598
"../../../BlueprintScripting/Content/StarterContent/Textures/T_RockMesh_M.uasset" 599
"../../../BlueprintScripting/Content/StarterContent/Textures/T_RockMesh_N.uasset" 600
"../../../BlueprintScripting/Content/StarterContent/Props/Materials/M_Rock.uasset" 601
"../../../BlueprintScripting/Content/StarterContent/Props/SM_Rock.uasset" 602
"../../../BlueprintScripting/Content/StarterContent/Textures/T_Shelf_M.uasset" 603
"../../../BlueprintScripting/Content/StarterContent/Textures/T_Shelf_N.uasset" 604
"../../../BlueprintScripting/Content/StarterContent/Props/Materials/M_Shelf.uasset" 605
"../../../BlueprintScripting/Content/StarterContent/Props/SM_Shelf.uasset" 606
"../../../BlueprintScripting/Content/StarterContent/Props/SM_Stairs.uasset" 607
"../../../BlueprintScripting/Content/StarterContent/Textures/T_TableRound_M.uasset" 608
"../../../BlueprintScripting/Content/StarterContent/Textures/T_TableRound_N.uasset" 609
"../../../BlueprintScripting/Content/StarterContent/Props/Materials/M_TableRound.uasset" 610
"../../../BlueprintScripting/Content/StarterContent/Props/SM_TableRound.uasset" 611
"../../../BlueprintScripting/Content/StarterContent/Props/SM_WindowFrame.uasset" 612
"../../../BlueprintScripting/Content/StarterContent/Shapes/Shape_Cone.uasset" 613
"../../../BlueprintScripting/Content/StarterContent/Shapes/Shape_Cube.uasset" 614
"../../../BlueprintScripting/Content/StarterContent/Shapes/Shape_Cylinder.uasset" 615
"../../../BlueprintScripting/Content/StarterContent/Shapes/Shape_NarrowCapsule.uasset" 616
"../../../BlueprintScripting/Content/StarterContent/Shapes/Shape_Pipe_180.uasset" 617
"../../../BlueprintScripting/Content/StarterContent/Shapes/Shape_Pipe_90.uasset" 618
"../../../BlueprintScripting/Content/StarterContent/Shapes/Shape_Plane.uasset" 619
"../../../BlueprintScripting/Content/StarterContent/Shapes/Shape_QuadPyramid.uasset" 620
"../../../BlueprintScripting/Content/StarterContent/Shapes/Shape_Sphere.uasset" 621
"../../../BlueprintScripting/Content/StarterContent/Shapes/Shape_Torus.uasset" 622
"../../../BlueprintScripting/Content/StarterContent/Shapes/Shape_Trim.uasset" 623
